<?xml version="1.0" encoding="UTF-8"?>
<coverage generated="1790075542590" clover="3.2.0">
  <project timestamp="1790075542590" name="All files">
    <metrics statements="126" coveredstatements="105" conditionals="94" coveredconditionals="85" methods="39" coveredmethods="25" elements="259" coveredelements="215" complexity="0" loc="126" ncloc="126" packages="6" files="16" classes="16"/>
    <package name="app">
      <metrics statements="23" coveredstatements="23" conditionals="36" coveredconditionals="34" methods="10" coveredmethods="10"/>
      <file name="app.component.html" path="/home/salvatore/work/angular/task-manager/src/app/app.component.html">
        <metrics statements="5" coveredstatements="5" conditionals="0" coveredconditionals="0" methods="0" coveredmethods="0"/>
        <line num="1" count="2" type="stmt"/>
        <line num="4" count="2" type="stmt"/>
        <line num="5" count="2" type="stmt"/>
        <line num="7" count="2" type="stmt"/>
        <line num="8" count="2" type="stmt"/>
      </file>
      <file name="app.component.ts" path="/home/salvatore/work/angular/task-manager/src/app/app.component.ts">
        <metrics statements="1" coveredstatements="1" conditionals="10" coveredconditionals="10" methods="1" coveredmethods="1"/>
        <line num="13" count="3" type="cond" truecount="10" falsecount="0"/>
      </file>
      <file name="data-futura.validator.ts" path="/home/salvatore/work/angular/task-manager/src/app/data-futura.validator.ts">
        <metrics statements="4" coveredstatements="4" conditionals="4" coveredconditionals="4" methods="1" coveredmethods="1"/>
        <line num="4" count="22" type="cond" truecount="2" falsecount="0"/>
        <line num="5" count="2" type="stmt"/>
        <line num="6" count="2" type="stmt"/>
        <line num="7" count="2" type="cond" truecount="2" falsecount="0"/>
      </file>
      <file name="filtra-task.pipe.ts" path="/home/salvatore/work/angular/task-manager/src/app/filtra-task.pipe.ts">
        <metrics statements="3" coveredstatements="3" conditionals="7" coveredconditionals="7" methods="2" coveredmethods="2"/>
        <line num="11" count="6" type="cond" truecount="5" falsecount="0"/>
        <line num="13" count="9" type="cond" truecount="2" falsecount="0"/>
        <line num="14" count="4" type="stmt"/>
      </file>
      <file name="task.service.ts" path="/home/salvatore/work/angular/task-manager/src/app/task.service.ts">
        <metrics statements="7" coveredstatements="7" conditionals="5" coveredconditionals="5" methods="5" coveredmethods="5"/>
        <line num="23" count="3" type="cond" truecount="5" falsecount="0"/>
        <line num="24" count="3" type="stmt"/>
        <line num="25" count="3" type="stmt"/>
        <line num="28" count="3" type="stmt"/>
        <line num="30" count="12" type="stmt"/>
        <line num="37" count="1" type="stmt"/>
        <line num="38" count="1" type="stmt"/>
      </file>
      <file name="tronca-testo.pipe.ts" path="/home/salvatore/work/angular/task-manager/src/app/tronca-testo.pipe.ts">
        <metrics statements="3" coveredstatements="3" conditionals="10" coveredconditionals="8" methods="1" coveredmethods="1"/>
        <line num="9" count="3" type="cond" truecount="5" falsecount="0"/>
        <line num="11" count="1" type="cond" truecount="1" falsecount="1"/>
        <line num="12" count="1" type="cond" truecount="1" falsecount="1"/>
      </file>
    </package>
    <package name="app.about">
      <metrics statements="4" coveredstatements="4" conditionals="10" coveredconditionals="10" methods="1" coveredmethods="1"/>
      <file name="about.component.html" path="/home/salvatore/work/angular/task-manager/src/app/about/about.component.html">
        <metrics statements="3" coveredstatements="3" conditionals="0" coveredconditionals="0" methods="0" coveredmethods="0"/>
        <line num="1" count="1" type="stmt"/>
        <line num="2" count="1" type="stmt"/>
        <line num="3" count="1" type="stmt"/>
      </file>
      <file name="about.component.ts" path="/home/salvatore/work/angular/task-manager/src/app/about/about.component.ts">
        <metrics statements="1" coveredstatements="1" conditionals="10" coveredconditionals="10" methods="1" coveredmethods="1"/>
        <line num="12" count="2" type="cond" truecount="10" falsecount="0"/>
      </file>
    </package>
    <package name="app.state.task">
      <metrics statements="12" coveredstatements="12" conditionals="0" coveredconditionals="0" methods="6" coveredmethods="5"/>
      <file name="task.actions.ts" path="/home/salvatore/work/angular/task-manager/src/app/state/task/task.actions.ts">
        <metrics statements="6" coveredstatements="6" conditionals="0" coveredconditionals="0" methods="0" coveredmethods="0"/>
        <line num="4" count="2" type="stmt"/>
        <line num="6" count="2" type="stmt"/>
        <line num="11" count="2" type="stmt"/>
        <line num="16" count="2" type="stmt"/>
        <line num="21" count="2" type="stmt"/>
        <line num="26" count="2" type="stmt"/>
      </file>
      <file name="task.selectors.ts" path="/home/salvatore/work/angular/task-manager/src/app/state/task/task.selectors.ts">
        <metrics statements="6" coveredstatements="6" conditionals="0" coveredconditionals="0" methods="6" coveredmethods="5"/>
        <line num="4" count="2" type="stmt"/>
        <line num="6" count="7" type="stmt"/>
        <line num="7" count="7" type="stmt"/>
        <line num="8" count="7" type="stmt"/>
        <line num="9" count="2" type="stmt"/>
        <line num="10" count="1" type="stmt"/>
      </file>
    </package>
    <package name="app.tasks.task-detail">
      <metrics statements="18" coveredstatements="10" conditionals="14" coveredconditionals="11" methods="2" coveredmethods="2"/>
      <file name="task-detail.component.html" path="/home/salvatore/work/angular/task-manager/src/app/tasks/task-detail/task-detail.component.html">
        <metrics statements="10" coveredstatements="2" conditionals="4" coveredconditionals="1" methods="0" coveredmethods="0"/>
        <line num="1" count="1" type="cond" truecount="1" falsecount="1"/>
        <line num="2" count="0" type="stmt"/>
        <line num="3" count="0" type="stmt"/>
        <line num="4" count="0" type="stmt"/>
        <line num="7" count="0" type="stmt"/>
        <line num="9" count="0" type="stmt"/>
        <line num="10" count="0" type="stmt"/>
        <line num="11" count="0" type="cond" truecount="0" falsecount="2"/>
        <line num="12" count="0" type="stmt"/>
        <line num="15" count="1" type="stmt"/>
      </file>
      <file name="task-detail.component.ts" path="/home/salvatore/work/angular/task-manager/src/app/tasks/task-detail/task-detail.component.ts">
        <metrics statements="8" coveredstatements="8" conditionals="10" coveredconditionals="10" methods="2" coveredmethods="2"/>
        <line num="16" count="2" type="cond" truecount="10" falsecount="0"/>
        <line num="17" count="1" type="stmt"/>
        <line num="18" count="1" type="stmt"/>
        <line num="20" count="1" type="stmt"/>
        <line num="22" count="1" type="stmt"/>
        <line num="23" count="1" type="stmt"/>
        <line num="24" count="1" type="stmt"/>
        <line num="27" count="1" type="stmt"/>
      </file>
    </package>
    <package name="app.tasks.task-item">
      <metrics statements="16" coveredstatements="14" conditionals="10" coveredconditionals="10" methods="5" coveredmethods="1"/>
      <file name="task-item.component.html" path="/home/salvatore/work/angular/task-manager/src/app/tasks/task-item/task-item.component.html">
        <metrics statements="11" coveredstatements="11" conditionals="0" coveredconditionals="0" methods="2" coveredmethods="0"/>
        <line num="1" count="1" type="stmt"/>
        <line num="3" count="1" type="stmt"/>
        <line num="5" count="1" type="stmt"/>
        <line num="6" count="1" type="stmt"/>
        <line num="9" count="1" type="stmt"/>
        <line num="10" count="1" type="stmt"/>
        <line num="11" count="1" type="stmt"/>
        <line num="15" count="1" type="stmt"/>
        <line num="16" count="1" type="stmt"/>
        <line num="17" count="1" type="stmt"/>
        <line num="18" count="1" type="stmt"/>
      </file>
      <file name="task-item.component.ts" path="/home/salvatore/work/angular/task-manager/src/app/tasks/task-item/task-item.component.ts">
        <metrics statements="5" coveredstatements="3" conditionals="10" coveredconditionals="10" methods="3" coveredmethods="1"/>
        <line num="17" count="2" type="cond" truecount="10" falsecount="0"/>
        <line num="19" count="1" type="stmt"/>
        <line num="20" count="1" type="stmt"/>
        <line num="23" count="0" type="stmt"/>
        <line num="27" count="0" type="stmt"/>
      </file>
    </package>
    <package name="app.tasks.tasks-list">
      <metrics statements="53" coveredstatements="42" conditionals="24" coveredconditionals="20" methods="15" coveredmethods="6"/>
      <file name="tasks-list.component.html" path="/home/salvatore/work/angular/task-manager/src/app/tasks/tasks-list/tasks-list.component.html">
        <metrics statements="32" coveredstatements="24" conditionals="8" coveredconditionals="6" methods="6" coveredmethods="0"/>
        <line num="1" count="12" type="stmt"/>
        <line num="3" count="6" type="stmt"/>
        <line num="4" count="12" type="cond" truecount="1" falsecount="1"/>
        <line num="5" count="0" type="stmt"/>
        <line num="7" count="0" type="stmt"/>
        <line num="9" count="12" type="stmt"/>
        <line num="11" count="6" type="stmt"/>
        <line num="12" count="6" type="stmt"/>
        <line num="13" count="6" type="stmt"/>
        <line num="14" count="6" type="stmt"/>
        <line num="17" count="12" type="stmt"/>
        <line num="18" count="6" type="stmt"/>
        <line num="19" count="12" type="stmt"/>
        <line num="24" count="12" type="cond" truecount="2" falsecount="0"/>
        <line num="25" count="0" type="stmt"/>
        <line num="28" count="12" type="stmt"/>
        <line num="29" count="6" type="stmt"/>
        <line num="30" count="6" type="stmt"/>
        <line num="31" count="6" type="stmt"/>
        <line num="34" count="12" type="stmt"/>
        <line num="35" count="12" type="cond" truecount="1" falsecount="1"/>
        <line num="36" count="0" type="stmt"/>
        <line num="39" count="12" type="stmt"/>
        <line num="42" count="6" type="stmt"/>
        <line num="43" count="12" type="cond" truecount="2" falsecount="0"/>
        <line num="44" count="0" type="stmt"/>
        <line num="45" count="0" type="stmt"/>
        <line num="46" count="0" type="stmt"/>
        <line num="48" count="0" type="stmt"/>
        <line num="50" count="6" type="stmt"/>
        <line num="52" count="6" type="stmt"/>
        <line num="54" count="6" type="stmt"/>
      </file>
      <file name="tasks-list.component.ts" path="/home/salvatore/work/angular/task-manager/src/app/tasks/tasks-list/tasks-list.component.ts">
        <metrics statements="21" coveredstatements="18" conditionals="16" coveredconditionals="14" methods="9" coveredmethods="6"/>
        <line num="23" count="18" type="cond" truecount="10" falsecount="0"/>
        <line num="24" count="6" type="stmt"/>
        <line num="26" count="6" type="stmt"/>
        <line num="27" count="6" type="stmt"/>
        <line num="28" count="6" type="stmt"/>
        <line num="31" count="6" type="stmt"/>
        <line num="34" count="6" type="stmt"/>
        <line num="36" count="6" type="stmt"/>
        <line num="40" count="0" type="stmt"/>
        <line num="41" count="0" type="stmt"/>
        <line num="42" count="0" type="cond" truecount="0" falsecount="2"/>
        <line num="48" count="6" type="stmt"/>
        <line num="50" count="6" type="stmt"/>
        <line num="55" count="6" type="stmt"/>
        <line num="58" count="12" type="stmt"/>
        <line num="62" count="2" type="cond" truecount="2" falsecount="0"/>
        <line num="63" count="1" type="stmt"/>
        <line num="64" count="1" type="cond" truecount="2" falsecount="0"/>
        <line num="65" count="2" type="stmt"/>
        <line num="69" count="1" type="stmt"/>
        <line num="73" count="1" type="stmt"/>
      </file>
    </package>
  </project>
</coverage>
