{"/home/salvatore/work/angular/task-manager/src/app/app.component.html": {"path":"/home/salvatore/work/angular/task-manager/src/app/app.component.html","statementMap":{"0":{"start":{"line":1,"column":0},"end":{"line":3,"column":null}},"1":{"start":{"line":4,"column":55},"end":{"line":4,"column":60}},"2":{"start":{"line":4,"column":60},"end":{"line":4,"column":null}},"3":{"start":{"line":5,"column":6},"end":{"line":5,"column":55}},"4":{"start":{"line":5,"column":55},"end":{"line":5,"column":60}},"5":{"start":{"line":5,"column":60},"end":{"line":5,"column":null}},"6":{"start":{"line":7,"column":4},"end":{"line":7,"column":null}},"7":{"start":{"line":8,"column":2},"end":{"line":8,"column":null}}},"fnMap":{},"branchMap":{},"s":{"0":2,"1":2,"2":2,"3":2,"4":2,"5":2,"6":2,"7":2},"f":{},"b":{},"meta":{"lastBranch":0,"lastFunction":0,"lastStatement":8,"seen":{"s:1:0:3:Infinity":0,"s:4:55:4:60":1,"s:4:60:4:Infinity":2,"s:5:6:5:55":3,"s:5:55:5:60":4,"s:5:60:5:Infinity":5,"s:7:4:7:Infinity":6,"s:8:2:8:Infinity":7},"fnNames":{}}}
,"/home/salvatore/work/angular/task-manager/src/app/app.component.ts": {"path":"/home/salvatore/work/angular/task-manager/src/app/app.component.ts","statementMap":{"0":{"start":{"line":13,"column":6},"end":{"line":9,"column":55}},"1":{"start":{"line":13,"column":13},"end":{"line":9,"column":55}},"2":{"start":{"line":13,"column":13},"end":{"line":13,"column":null}},"3":{"start":{"line":13,"column":25},"end":{"line":8,"column":null}},"4":{"start":{"line":13,"column":13},"end":{"line":9,"column":null}}},"fnMap":{"0":{"name":"template","decl":{"start":{"line":13,"column":25},"end":{"line":13,"column":null}},"loc":{"start":{"line":13,"column":25},"end":{"line":9,"column":26}},"line":13}},"branchMap":{"0":{"loc":{"start":{"line":13,"column":13},"end":{"line":13,"column":25}},"type":"binary-expr","locations":[{"start":{"line":13,"column":13},"end":{"line":13,"column":25}},{"start":{"line":13,"column":13},"end":{"line":13,"column":25}}],"line":13},"1":{"loc":{"start":{"line":13,"column":25},"end":{"line":8,"column":null}},"type":"if","locations":[{"start":{"line":13,"column":25},"end":{"line":8,"column":null}},{"start":{},"end":{}}],"line":13},"2":{"loc":{"start":{"line":13,"column":13},"end":{"line":9,"column":null}},"type":"binary-expr","locations":[{"start":{"line":13,"column":13},"end":{"line":13,"column":25}},{"start":{"line":13,"column":13},"end":{"line":13,"column":25}},{"start":{"line":13,"column":13},"end":{"line":9,"column":null}}],"line":13},"3":{"loc":{"start":{"line":13,"column":13},"end":{"line":13,"column":null}},"type":"binary-expr","locations":[{"start":{"line":13,"column":13},"end":{"line":13,"column":25}},{"start":{"line":13,"column":13},"end":{"line":13,"column":25}},{"start":{"line":13,"column":13},"end":{"line":13,"column":null}}],"line":13}},"s":{"0":1,"1":1,"2":1,"3":3,"4":1},"f":{"0":1},"b":{"0":[2,2],"1":[2,1],"2":[1,1,1],"3":[1,1,1]},"meta":{"lastBranch":4,"lastFunction":1,"lastStatement":5,"seen":{"s:13:6:9:55":0,"s:13:13:9:55":1,"s:13:13:13:Infinity":2,"b:13:13:13:25:13:13:13:25":0,"f:13:25:13:Infinity":0,"b:13:25:8:Infinity:undefined:undefined:undefined:undefined":1,"s:13:25:8:Infinity":3,"s:13:13:9:Infinity":4,"b:13:13:13:25:13:13:13:25:13:13:9:Infinity":2,"b:13:13:13:25:13:13:13:25:13:13:13:Infinity":3},"fnNames":{}}}
,"/home/salvatore/work/angular/task-manager/src/app/data-futura.validator.ts": {"path":"/home/salvatore/work/angular/task-manager/src/app/data-futura.validator.ts","statementMap":{"0":{"start":{"line":4,"column":2},"end":{"line":4,"column":null}},"1":{"start":{"line":4,"column":22},"end":{"line":4,"column":null}},"2":{"start":{"line":5,"column":15},"end":{"line":5,"column":null}},"3":{"start":{"line":6,"column":2},"end":{"line":6,"column":null}},"4":{"start":{"line":7,"column":2},"end":{"line":7,"column":null}}},"fnMap":{"0":{"name":"dataFuturaValidator","decl":{"start":{"line":3,"column":16},"end":{"line":3,"column":36}},"loc":{"start":{"line":3,"column":60},"end":{"line":8,"column":null}},"line":3}},"branchMap":{"0":{"loc":{"start":{"line":4,"column":2},"end":{"line":4,"column":null}},"type":"if","locations":[{"start":{"line":4,"column":2},"end":{"line":4,"column":null}},{"start":{},"end":{}}],"line":4},"1":{"loc":{"start":{"line":7,"column":9},"end":{"line":7,"column":null}},"type":"cond-expr","locations":[{"start":{"line":7,"column":42},"end":{"line":7,"column":66}},{"start":{"line":7,"column":66},"end":{"line":7,"column":null}}],"line":7}},"s":{"0":22,"1":20,"2":2,"3":2,"4":2},"f":{"0":22},"b":{"0":[20,2],"1":[1,1]},"meta":{"lastBranch":2,"lastFunction":1,"lastStatement":5,"seen":{"f:3:16:3:36":0,"b:4:2:4:Infinity:undefined:undefined:undefined:undefined":0,"s:4:2:4:Infinity":0,"s:4:22:4:Infinity":1,"s:5:15:5:Infinity":2,"s:6:2:6:Infinity":3,"s:7:2:7:Infinity":4,"b:7:42:7:66:7:66:7:Infinity":1},"fnNames":{}}}
,"/home/salvatore/work/angular/task-manager/src/app/filtra-task.pipe.ts": {"path":"/home/salvatore/work/angular/task-manager/src/app/filtra-task.pipe.ts","statementMap":{"0":{"start":{"line":11,"column":6},"end":{"line":11,"column":null}},"1":{"start":{"line":11,"column":13},"end":{"line":11,"column":null}},"2":{"start":{"line":13,"column":4},"end":{"line":13,"column":null}},"3":{"start":{"line":13,"column":28},"end":{"line":13,"column":null}},"4":{"start":{"line":14,"column":4},"end":{"line":14,"column":null}},"5":{"start":{"line":14,"column":29},"end":{"line":14,"column":71}},"6":{"start":{"line":11,"column":13},"end":{"line":10,"column":null}}},"fnMap":{"0":{"name":"transform","decl":{"start":{"line":12,"column":2},"end":{"line":12,"column":12}},"loc":{"start":{"line":12,"column":45},"end":{"line":15,"column":null}},"line":12},"1":{"name":"(anonymous_1)","decl":{"start":{"line":14,"column":24},"end":{"line":14,"column":29}},"loc":{"start":{"line":14,"column":29},"end":{"line":14,"column":71}},"line":14}},"branchMap":{"0":{"loc":{"start":{"line":13,"column":4},"end":{"line":13,"column":null}},"type":"if","locations":[{"start":{"line":13,"column":4},"end":{"line":13,"column":null}},{"start":{},"end":{}}],"line":13},"1":{"loc":{"start":{"line":11,"column":13},"end":{"line":11,"column":27}},"type":"binary-expr","locations":[{"start":{"line":11,"column":13},"end":{"line":11,"column":27}},{"start":{"line":11,"column":13},"end":{"line":11,"column":27}}],"line":11},"2":{"loc":{"start":{"line":11,"column":13},"end":{"line":10,"column":null}},"type":"binary-expr","locations":[{"start":{"line":11,"column":13},"end":{"line":11,"column":27}},{"start":{"line":11,"column":13},"end":{"line":11,"column":27}},{"start":{"line":11,"column":13},"end":{"line":10,"column":null}}],"line":11}},"s":{"0":2,"1":6,"2":9,"3":7,"4":2,"5":4,"6":2},"f":{"0":9,"1":4},"b":{"0":[7,2],"1":[6,6],"2":[2,2,2]},"meta":{"lastBranch":3,"lastFunction":2,"lastStatement":7,"seen":{"s:11:6:11:Infinity":0,"s:11:13:11:Infinity":1,"f:12:2:12:12":0,"b:13:4:13:Infinity:undefined:undefined:undefined:undefined":0,"s:13:4:13:Infinity":2,"s:13:28:13:Infinity":3,"s:14:4:14:Infinity":4,"f:14:24:14:29":1,"s:14:29:14:71":5,"b:11:13:11:27:11:13:11:27":1,"s:11:13:10:Infinity":6,"b:11:13:11:27:11:13:11:27:11:13:10:Infinity":2},"fnNames":{}}}
,"/home/salvatore/work/angular/task-manager/src/app/task.service.ts": {"path":"/home/salvatore/work/angular/task-manager/src/app/task.service.ts","statementMap":{"0":{"start":{"line":23,"column":6},"end":{"line":21,"column":null}},"1":{"start":{"line":24,"column":10},"end":{"line":24,"column":null}},"2":{"start":{"line":25,"column":16},"end":{"line":25,"column":null}},"3":{"start":{"line":23,"column":13},"end":{"line":21,"column":null}},"4":{"start":{"line":28,"column":4},"end":{"line":39,"column":null}},"5":{"start":{"line":30,"column":19},"end":{"line":35,"column":9}},"6":{"start":{"line":30,"column":48},"end":{"line":35,"column":9}},"7":{"start":{"line":37,"column":8},"end":{"line":37,"column":null}},"8":{"start":{"line":38,"column":8},"end":{"line":38,"column":null}},"9":{"start":{"line":38,"column":32},"end":{"line":38,"column":35}},"10":{"start":{"line":23,"column":13},"end":{"line":23,"column":null}},"11":{"start":{"line":23,"column":13},"end":{"line":22,"column":null}}},"fnMap":{"0":{"name":"loadTasks","decl":{"start":{"line":27,"column":2},"end":{"line":27,"column":11}},"loc":{"start":{"line":27,"column":11},"end":{"line":41,"column":null}},"line":27},"1":{"name":"(anonymous_1)","decl":{"start":{"line":30,"column":10},"end":{"line":30,"column":19}},"loc":{"start":{"line":30,"column":19},"end":{"line":35,"column":9}},"line":30},"2":{"name":"(anonymous_2)","decl":{"start":{"line":30,"column":42},"end":{"line":30,"column":48}},"loc":{"start":{"line":30,"column":48},"end":{"line":35,"column":9}},"line":30},"3":{"name":"(anonymous_3)","decl":{"start":{"line":36,"column":17},"end":{"line":36,"column":23}},"loc":{"start":{"line":36,"column":23},"end":{"line":39,"column":7}},"line":36},"4":{"name":"(anonymous_4)","decl":{"start":{"line":38,"column":26},"end":{"line":38,"column":32}},"loc":{"start":{"line":38,"column":32},"end":{"line":38,"column":35}},"line":38}},"branchMap":{"0":{"loc":{"start":{"line":23,"column":13},"end":{"line":23,"column":24}},"type":"binary-expr","locations":[{"start":{"line":23,"column":13},"end":{"line":23,"column":24}},{"start":{"line":23,"column":13},"end":{"line":23,"column":24}}],"line":23},"1":{"loc":{"start":{"line":23,"column":13},"end":{"line":22,"column":null}},"type":"binary-expr","locations":[{"start":{"line":23,"column":13},"end":{"line":23,"column":24}},{"start":{"line":23,"column":13},"end":{"line":23,"column":24}},{"start":{"line":23,"column":13},"end":{"line":22,"column":null}}],"line":23}},"s":{"0":1,"1":3,"2":3,"3":1,"4":3,"5":2,"6":12,"7":1,"8":1,"9":1,"10":3,"11":1},"f":{"0":3,"1":2,"2":12,"3":1,"4":1},"b":{"0":[3,3],"1":[1,1,1]},"meta":{"lastBranch":2,"lastFunction":5,"lastStatement":12,"seen":{"s:23:6:21:Infinity":0,"s:24:10:24:Infinity":1,"s:25:16:25:Infinity":2,"s:23:13:21:Infinity":3,"f:27:2:27:11":0,"s:28:4:39:Infinity":4,"f:30:10:30:19":1,"s:30:19:35:9":5,"f:30:42:30:48":2,"s:30:48:35:9":6,"f:36:17:36:23":3,"s:37:8:37:Infinity":7,"s:38:8:38:Infinity":8,"f:38:26:38:32":4,"s:38:32:38:35":9,"s:23:13:23:Infinity":10,"b:23:13:23:24:23:13:23:24":0,"s:23:13:22:Infinity":11,"b:23:13:23:24:23:13:23:24:23:13:22:Infinity":1},"fnNames":{}}}
,"/home/salvatore/work/angular/task-manager/src/app/tronca-testo.pipe.ts": {"path":"/home/salvatore/work/angular/task-manager/src/app/tronca-testo.pipe.ts","statementMap":{"0":{"start":{"line":9,"column":6},"end":{"line":9,"column":null}},"1":{"start":{"line":9,"column":13},"end":{"line":9,"column":null}},"2":{"start":{"line":11,"column":4},"end":{"line":11,"column":null}},"3":{"start":{"line":11,"column":17},"end":{"line":11,"column":null}},"4":{"start":{"line":12,"column":4},"end":{"line":12,"column":null}},"5":{"start":{"line":9,"column":13},"end":{"line":8,"column":null}}},"fnMap":{"0":{"name":"transform","decl":{"start":{"line":10,"column":2},"end":{"line":10,"column":12}},"loc":{"start":{"line":10,"column":47},"end":{"line":13,"column":null}},"line":10}},"branchMap":{"0":{"loc":{"start":{"line":10,"column":28},"end":{"line":10,"column":47}},"type":"default-arg","locations":[{"start":{"line":10,"column":45},"end":{"line":10,"column":47}}],"line":10},"1":{"loc":{"start":{"line":11,"column":4},"end":{"line":11,"column":null}},"type":"if","locations":[{"start":{"line":11,"column":4},"end":{"line":11,"column":null}},{"start":{},"end":{}}],"line":11},"2":{"loc":{"start":{"line":12,"column":11},"end":{"line":12,"column":null}},"type":"cond-expr","locations":[{"start":{"line":12,"column":36},"end":{"line":12,"column":74}},{"start":{"line":12,"column":74},"end":{"line":12,"column":null}}],"line":12},"3":{"loc":{"start":{"line":9,"column":13},"end":{"line":9,"column":28}},"type":"binary-expr","locations":[{"start":{"line":9,"column":13},"end":{"line":9,"column":28}},{"start":{"line":9,"column":13},"end":{"line":9,"column":28}}],"line":9},"4":{"loc":{"start":{"line":9,"column":13},"end":{"line":8,"column":null}},"type":"binary-expr","locations":[{"start":{"line":9,"column":13},"end":{"line":9,"column":28}},{"start":{"line":9,"column":13},"end":{"line":9,"column":28}},{"start":{"line":9,"column":13},"end":{"line":8,"column":null}}],"line":9}},"s":{"0":3,"1":1,"2":1,"3":0,"4":1,"5":3},"f":{"0":1},"b":{"0":[1],"1":[0,1],"2":[0,1],"3":[1,1],"4":[3,3,3]},"meta":{"lastBranch":5,"lastFunction":1,"lastStatement":6,"seen":{"s:9:6:9:Infinity":0,"s:9:13:9:Infinity":1,"f:10:2:10:12":0,"b:10:45:10:47":0,"b:11:4:11:Infinity:undefined:undefined:undefined:undefined":1,"s:11:4:11:Infinity":2,"s:11:17:11:Infinity":3,"s:12:4:12:Infinity":4,"b:12:36:12:74:12:74:12:Infinity":2,"b:9:13:9:28:9:13:9:28":3,"s:9:13:8:Infinity":5,"b:9:13:9:28:9:13:9:28:9:13:8:Infinity":4},"fnNames":{}}}
,"/home/salvatore/work/angular/task-manager/src/app/about/about.component.html": {"path":"/home/salvatore/work/angular/task-manager/src/app/about/about.component.html","statementMap":{"0":{"start":{"line":1,"column":0},"end":{"line":1,"column":null}},"1":{"start":{"line":2,"column":6},"end":{"line":2,"column":18}},"2":{"start":{"line":2,"column":18},"end":{"line":2,"column":null}},"3":{"start":{"line":3,"column":2},"end":{"line":3,"column":5}},"4":{"start":{"line":3,"column":5},"end":{"line":3,"column":89}},"5":{"start":{"line":3,"column":89},"end":{"line":3,"column":null}}},"fnMap":{},"branchMap":{},"s":{"0":1,"1":1,"2":1,"3":1,"4":1,"5":1},"f":{},"b":{},"meta":{"lastBranch":0,"lastFunction":0,"lastStatement":6,"seen":{"s:1:0:1:Infinity":0,"s:2:6:2:18":1,"s:2:18:2:Infinity":2,"s:3:2:3:5":3,"s:3:5:3:89":4,"s:3:89:3:Infinity":5},"fnNames":{}}}
,"/home/salvatore/work/angular/task-manager/src/app/about/about.component.ts": {"path":"/home/salvatore/work/angular/task-manager/src/app/about/about.component.ts","statementMap":{"0":{"start":{"line":12,"column":6},"end":{"line":3,"column":null}},"1":{"start":{"line":12,"column":13},"end":{"line":3,"column":null}},"2":{"start":{"line":12,"column":13},"end":{"line":12,"column":null}},"3":{"start":{"line":12,"column":27},"end":{"line":3,"column":null}},"4":{"start":{"line":12,"column":13},"end":{"line":8,"column":null}}},"fnMap":{"0":{"name":"template","decl":{"start":{"line":12,"column":27},"end":{"line":12,"column":null}},"loc":{"start":{"line":12,"column":27},"end":{"line":3,"column":null}},"line":12}},"branchMap":{"0":{"loc":{"start":{"line":12,"column":13},"end":{"line":12,"column":27}},"type":"binary-expr","locations":[{"start":{"line":12,"column":13},"end":{"line":12,"column":27}},{"start":{"line":12,"column":13},"end":{"line":12,"column":27}}],"line":12},"1":{"loc":{"start":{"line":12,"column":27},"end":{"line":3,"column":null}},"type":"if","locations":[{"start":{"line":12,"column":27},"end":{"line":3,"column":null}},{"start":{},"end":{}}],"line":12},"2":{"loc":{"start":{"line":12,"column":13},"end":{"line":8,"column":null}},"type":"binary-expr","locations":[{"start":{"line":12,"column":13},"end":{"line":12,"column":27}},{"start":{"line":12,"column":13},"end":{"line":12,"column":27}},{"start":{"line":12,"column":13},"end":{"line":8,"column":null}}],"line":12},"3":{"loc":{"start":{"line":12,"column":13},"end":{"line":12,"column":null}},"type":"binary-expr","locations":[{"start":{"line":12,"column":13},"end":{"line":12,"column":27}},{"start":{"line":12,"column":13},"end":{"line":12,"column":27}},{"start":{"line":12,"column":13},"end":{"line":12,"column":null}}],"line":12}},"s":{"0":1,"1":1,"2":1,"3":2,"4":1},"f":{"0":1},"b":{"0":[1,1],"1":[1,1],"2":[1,1,1],"3":[1,1,1]},"meta":{"lastBranch":4,"lastFunction":1,"lastStatement":5,"seen":{"s:12:6:3:Infinity":0,"s:12:13:3:Infinity":1,"s:12:13:12:Infinity":2,"b:12:13:12:27:12:13:12:27":0,"f:12:27:12:Infinity":0,"b:12:27:3:Infinity:undefined:undefined:undefined:undefined":1,"s:12:27:3:Infinity":3,"s:12:13:8:Infinity":4,"b:12:13:12:27:12:13:12:27:12:13:8:Infinity":2,"b:12:13:12:27:12:13:12:27:12:13:12:Infinity":3},"fnNames":{}}}
,"/home/salvatore/work/angular/task-manager/src/app/state/task/task.actions.ts": {"path":"/home/salvatore/work/angular/task-manager/src/app/state/task/task.actions.ts","statementMap":{"0":{"start":{"line":4,"column":13},"end":{"line":4,"column":null}},"1":{"start":{"line":6,"column":13},"end":{"line":8,"column":null}},"2":{"start":{"line":11,"column":13},"end":{"line":13,"column":null}},"3":{"start":{"line":16,"column":13},"end":{"line":18,"column":null}},"4":{"start":{"line":21,"column":13},"end":{"line":23,"column":null}},"5":{"start":{"line":26,"column":13},"end":{"line":28,"column":null}}},"fnMap":{},"branchMap":{},"s":{"0":2,"1":2,"2":2,"3":2,"4":2,"5":2},"f":{},"b":{},"meta":{"lastBranch":0,"lastFunction":0,"lastStatement":6,"seen":{"s:4:13:4:Infinity":0,"s:6:13:8:Infinity":1,"s:11:13:13:Infinity":2,"s:16:13:18:Infinity":3,"s:21:13:23:Infinity":4,"s:26:13:28:Infinity":5},"fnNames":{}}}
,"/home/salvatore/work/angular/task-manager/src/app/state/task/task.selectors.ts": {"path":"/home/salvatore/work/angular/task-manager/src/app/state/task/task.selectors.ts","statementMap":{"0":{"start":{"line":4,"column":13},"end":{"line":4,"column":null}},"1":{"start":{"line":6,"column":13},"end":{"line":6,"column":null}},"2":{"start":{"line":6,"column":71},"end":{"line":6,"column":82}},"3":{"start":{"line":7,"column":13},"end":{"line":7,"column":null}},"4":{"start":{"line":7,"column":70},"end":{"line":7,"column":83}},"5":{"start":{"line":8,"column":13},"end":{"line":8,"column":null}},"6":{"start":{"line":8,"column":68},"end":{"line":8,"column":79}},"7":{"start":{"line":9,"column":30},"end":{"line":10,"column":null}},"8":{"start":{"line":9,"column":31},"end":{"line":10,"column":null}},"9":{"start":{"line":10,"column":42},"end":{"line":10,"column":70}},"10":{"start":{"line":10,"column":58},"end":{"line":10,"column":69}}},"fnMap":{"0":{"name":"(anonymous_0)","decl":{"start":{"line":6,"column":62},"end":{"line":6,"column":71}},"loc":{"start":{"line":6,"column":71},"end":{"line":6,"column":82}},"line":6},"1":{"name":"(anonymous_1)","decl":{"start":{"line":7,"column":61},"end":{"line":7,"column":70}},"loc":{"start":{"line":7,"column":70},"end":{"line":7,"column":83}},"line":7},"2":{"name":"(anonymous_2)","decl":{"start":{"line":8,"column":59},"end":{"line":8,"column":68}},"loc":{"start":{"line":8,"column":68},"end":{"line":8,"column":79}},"line":8},"3":{"name":"(anonymous_3)","decl":{"start":{"line":9,"column":30},"end":{"line":9,"column":31}},"loc":{"start":{"line":9,"column":31},"end":{"line":10,"column":null}},"line":9},"4":{"name":"(anonymous_4)","decl":{"start":{"line":10,"column":33},"end":{"line":10,"column":42}},"loc":{"start":{"line":10,"column":42},"end":{"line":10,"column":70}},"line":10},"5":{"name":"(anonymous_5)","decl":{"start":{"line":10,"column":53},"end":{"line":10,"column":58}},"loc":{"start":{"line":10,"column":58},"end":{"line":10,"column":69}},"line":10}},"branchMap":{},"s":{"0":2,"1":2,"2":7,"3":2,"4":7,"5":2,"6":7,"7":2,"8":1,"9":1,"10":0},"f":{"0":7,"1":7,"2":7,"3":1,"4":1,"5":0},"b":{},"meta":{"lastBranch":0,"lastFunction":6,"lastStatement":11,"seen":{"s:4:13:4:Infinity":0,"s:6:13:6:Infinity":1,"f:6:62:6:71":0,"s:6:71:6:82":2,"s:7:13:7:Infinity":3,"f:7:61:7:70":1,"s:7:70:7:83":4,"s:8:13:8:Infinity":5,"f:8:59:8:68":2,"s:8:68:8:79":6,"s:9:30:10:Infinity":7,"f:9:30:9:31":3,"s:9:31:10:Infinity":8,"f:10:33:10:42":4,"s:10:42:10:70":9,"f:10:53:10:58":5,"s:10:58:10:69":10},"fnNames":{}}}
,"/home/salvatore/work/angular/task-manager/src/app/tasks/task-detail/task-detail.component.html": {"path":"/home/salvatore/work/angular/task-manager/src/app/tasks/task-detail/task-detail.component.html","statementMap":{"0":{"start":{"line":2,"column":2},"end":{"line":2,"column":null}},"1":{"start":{"line":3,"column":4},"end":{"line":3,"column":null}},"2":{"start":{"line":4,"column":4},"end":{"line":4,"column":7}},"3":{"start":{"line":4,"column":7},"end":{"line":4,"column":21}},"4":{"start":{"line":4,"column":21},"end":{"line":4,"column":null}},"5":{"start":{"line":7,"column":2},"end":{"line":7,"column":23}},"6":{"start":{"line":7,"column":23},"end":{"line":7,"column":55}},"7":{"start":{"line":7,"column":55},"end":{"line":7,"column":null}},"8":{"start":{"line":9,"column":2},"end":{"line":9,"column":null}},"9":{"start":{"line":10,"column":8},"end":{"line":10,"column":28}},"10":{"start":{"line":10,"column":28},"end":{"line":10,"column":null}},"11":{"start":{"line":11,"column":4},"end":{"line":11,"column":7}},"12":{"start":{"line":11,"column":7},"end":{"line":11,"column":65}},"13":{"start":{"line":11,"column":65},"end":{"line":11,"column":null}},"14":{"start":{"line":12,"column":4},"end":{"line":12,"column":7}},"15":{"start":{"line":12,"column":7},"end":{"line":12,"column":65}},"16":{"start":{"line":12,"column":65},"end":{"line":12,"column":null}},"17":{"start":{"line":15,"column":2},"end":{"line":15,"column":5}},"18":{"start":{"line":15,"column":5},"end":{"line":15,"column":21}},"19":{"start":{"line":15,"column":21},"end":{"line":15,"column":null}},"20":{"start":{"line":1,"column":0},"end":{"line":8,"column":null}},"21":{"start":{"line":1,"column":0},"end":{"line":1,"column":17}}},"fnMap":{},"branchMap":{"0":{"loc":{"start":{"line":11,"column":7},"end":{"line":11,"column":65}},"type":"cond-expr","locations":[{"start":{"line":11,"column":7},"end":{"line":11,"column":65}},{"start":{"line":11,"column":7},"end":{"line":11,"column":65}}],"line":11},"1":{"loc":{"start":{"line":1,"column":0},"end":{"line":1,"column":17}},"type":"cond-expr","locations":[{"start":{"line":1,"column":0},"end":{"line":1,"column":17}},{"start":{"line":1,"column":0},"end":{"line":1,"column":17}}],"line":1}},"s":{"0":0,"1":0,"2":0,"3":0,"4":0,"5":0,"6":0,"7":0,"8":0,"9":0,"10":0,"11":0,"12":0,"13":0,"14":0,"15":0,"16":0,"17":1,"18":1,"19":1,"20":1,"21":1},"f":{},"b":{"0":[0,0],"1":[0,3]},"meta":{"lastBranch":2,"lastFunction":0,"lastStatement":22,"seen":{"s:2:2:2:Infinity":0,"s:3:4:3:Infinity":1,"s:4:4:4:7":2,"s:4:7:4:21":3,"s:4:21:4:Infinity":4,"s:7:2:7:23":5,"s:7:23:7:55":6,"s:7:55:7:Infinity":7,"s:9:2:9:Infinity":8,"s:10:8:10:28":9,"s:10:28:10:Infinity":10,"s:11:4:11:7":11,"s:11:7:11:65":12,"s:11:65:11:Infinity":13,"s:12:4:12:7":14,"s:12:7:12:65":15,"s:12:65:12:Infinity":16,"b:11:7:11:65:11:7:11:65":0,"s:15:2:15:5":17,"s:15:5:15:21":18,"s:15:21:15:Infinity":19,"s:1:0:8:Infinity":20,"s:1:0:1:17":21,"b:1:0:1:17:1:0:1:17":1},"fnNames":{}}}
,"/home/salvatore/work/angular/task-manager/src/app/tasks/task-detail/task-detail.component.ts": {"path":"/home/salvatore/work/angular/task-manager/src/app/tasks/task-detail/task-detail.component.ts","statementMap":{"0":{"start":{"line":16,"column":6},"end":{"line":12,"column":21}},"1":{"start":{"line":17,"column":10},"end":{"line":17,"column":null}},"2":{"start":{"line":18,"column":10},"end":{"line":18,"column":null}},"3":{"start":{"line":20,"column":15},"end":{"line":20,"column":null}},"4":{"start":{"line":22,"column":2},"end":{"line":22,"column":null}},"5":{"start":{"line":23,"column":2},"end":{"line":23,"column":null}},"6":{"start":{"line":24,"column":2},"end":{"line":24,"column":null}},"7":{"start":{"line":16,"column":13},"end":{"line":12,"column":21}},"8":{"start":{"line":27,"column":4},"end":{"line":27,"column":null}},"9":{"start":{"line":16,"column":13},"end":{"line":16,"column":null}},"10":{"start":{"line":16,"column":23},"end":{"line":8,"column":null}},"11":{"start":{"line":16,"column":13},"end":{"line":12,"column":null}}},"fnMap":{"0":{"name":"ngOnInit","decl":{"start":{"line":26,"column":2},"end":{"line":26,"column":10}},"loc":{"start":{"line":26,"column":10},"end":{"line":28,"column":null}},"line":26},"1":{"name":"template","decl":{"start":{"line":16,"column":23},"end":{"line":16,"column":null}},"loc":{"start":{"line":16,"column":23},"end":{"line":12,"column":20}},"line":16}},"branchMap":{"0":{"loc":{"start":{"line":16,"column":13},"end":{"line":16,"column":23}},"type":"binary-expr","locations":[{"start":{"line":16,"column":13},"end":{"line":16,"column":23}},{"start":{"line":16,"column":13},"end":{"line":16,"column":23}}],"line":16},"1":{"loc":{"start":{"line":16,"column":23},"end":{"line":8,"column":null}},"type":"if","locations":[{"start":{"line":16,"column":23},"end":{"line":8,"column":null}},{"start":{},"end":{}}],"line":16},"2":{"loc":{"start":{"line":16,"column":13},"end":{"line":12,"column":null}},"type":"binary-expr","locations":[{"start":{"line":16,"column":13},"end":{"line":16,"column":23}},{"start":{"line":16,"column":13},"end":{"line":16,"column":23}},{"start":{"line":16,"column":13},"end":{"line":12,"column":null}}],"line":16},"3":{"loc":{"start":{"line":16,"column":13},"end":{"line":16,"column":null}},"type":"binary-expr","locations":[{"start":{"line":16,"column":13},"end":{"line":16,"column":23}},{"start":{"line":16,"column":13},"end":{"line":16,"column":23}},{"start":{"line":16,"column":13},"end":{"line":16,"column":null}}],"line":16}},"s":{"0":1,"1":1,"2":1,"3":1,"4":1,"5":1,"6":1,"7":1,"8":1,"9":1,"10":2,"11":1},"f":{"0":1,"1":1},"b":{"0":[1,1],"1":[1,1],"2":[1,1,1],"3":[1,1,1]},"meta":{"lastBranch":4,"lastFunction":2,"lastStatement":12,"seen":{"s:16:6:12:21":0,"s:17:10:17:Infinity":1,"s:18:10:18:Infinity":2,"s:20:15:20:Infinity":3,"s:22:2:22:Infinity":4,"s:23:2:23:Infinity":5,"s:24:2:24:Infinity":6,"s:16:13:12:21":7,"f:26:2:26:10":0,"s:27:4:27:Infinity":8,"s:16:13:16:Infinity":9,"b:16:13:16:23:16:13:16:23":0,"f:16:23:16:Infinity":1,"b:16:23:8:Infinity:undefined:undefined:undefined:undefined":1,"s:16:23:8:Infinity":10,"s:16:13:12:Infinity":11,"b:16:13:16:23:16:13:16:23:16:13:12:Infinity":2,"b:16:13:16:23:16:13:16:23:16:13:16:Infinity":3},"fnNames":{}}}
,"/home/salvatore/work/angular/task-manager/src/app/tasks/task-item/task-item.component.html": {"path":"/home/salvatore/work/angular/task-manager/src/app/tasks/task-item/task-item.component.html","statementMap":{"0":{"start":{"line":1,"column":0},"end":{"line":2,"column":null}},"1":{"start":{"line":6,"column":6},"end":{"line":6,"column":null}},"2":{"start":{"line":6,"column":6},"end":{"line":6,"column":38}},"3":{"start":{"line":3,"column":4},"end":{"line":3,"column":null}},"4":{"start":{"line":9,"column":4},"end":{"line":9,"column":7}},"5":{"start":{"line":10,"column":6},"end":{"line":10,"column":null}},"6":{"start":{"line":11,"column":6},"end":{"line":11,"column":30}},"7":{"start":{"line":11,"column":30},"end":{"line":11,"column":86}},"8":{"start":{"line":11,"column":86},"end":{"line":12,"column":null}},"9":{"start":{"line":15,"column":2},"end":{"line":15,"column":32}},"10":{"start":{"line":15,"column":32},"end":{"line":15,"column":null}},"11":{"start":{"line":15,"column":32},"end":{"line":15,"column":56}},"12":{"start":{"line":16,"column":4},"end":{"line":16,"column":null}},"13":{"start":{"line":17,"column":6},"end":{"line":17,"column":null}},"14":{"start":{"line":18,"column":4},"end":{"line":19,"column":null}},"15":{"start":{"line":1,"column":22},"end":{"line":1,"column":68}},"16":{"start":{"line":5,"column":6},"end":{"line":5,"column":null}},"17":{"start":{"line":9,"column":7},"end":{"line":9,"column":null}}},"fnMap":{"0":{"name":"TaskItem_Template_input_change_2_listener","decl":{"start":{"line":6,"column":6},"end":{"line":6,"column":16}},"loc":{"start":{"line":6,"column":6},"end":{"line":6,"column":null}},"line":6},"1":{"name":"TaskItem_Template_button_click_10_listener","decl":{"start":{"line":15,"column":32},"end":{"line":15,"column":41}},"loc":{"start":{"line":15,"column":32},"end":{"line":15,"column":null}},"line":15}},"branchMap":{},"s":{"0":1,"1":1,"2":0,"3":1,"4":1,"5":1,"6":1,"7":1,"8":1,"9":1,"10":1,"11":0,"12":1,"13":1,"14":1,"15":1,"16":1,"17":1},"f":{"0":0,"1":0},"b":{},"meta":{"lastBranch":0,"lastFunction":2,"lastStatement":18,"seen":{"s:1:0:2:Infinity":0,"s:6:6:6:Infinity":1,"f:6:6:6:16":0,"s:6:6:6:38":2,"s:3:4:3:Infinity":3,"s:9:4:9:7":4,"s:10:6:10:Infinity":5,"s:11:6:11:30":6,"s:11:30:11:86":7,"s:11:86:12:Infinity":8,"s:15:2:15:32":9,"s:15:32:15:Infinity":10,"f:15:32:15:41":1,"s:15:32:15:56":11,"s:16:4:16:Infinity":12,"s:17:6:17:Infinity":13,"s:18:4:19:Infinity":14,"s:1:22:1:68":15,"s:5:6:5:Infinity":16,"s:9:7:9:Infinity":17},"fnNames":{}}}
,"/home/salvatore/work/angular/task-manager/src/app/tasks/task-item/task-item.component.ts": {"path":"/home/salvatore/work/angular/task-manager/src/app/tasks/task-item/task-item.component.ts","statementMap":{"0":{"start":{"line":17,"column":6},"end":{"line":13,"column":54}},"1":{"start":{"line":19,"column":21},"end":{"line":19,"column":null}},"2":{"start":{"line":20,"column":21},"end":{"line":20,"column":null}},"3":{"start":{"line":17,"column":13},"end":{"line":13,"column":54}},"4":{"start":{"line":23,"column":4},"end":{"line":23,"column":null}},"5":{"start":{"line":27,"column":4},"end":{"line":27,"column":null}},"6":{"start":{"line":17,"column":13},"end":{"line":17,"column":null}},"7":{"start":{"line":17,"column":21},"end":{"line":19,"column":null}},"8":{"start":{"line":17,"column":13},"end":{"line":20,"column":12}}},"fnMap":{"0":{"name":"onToggleChange","decl":{"start":{"line":22,"column":2},"end":{"line":22,"column":17}},"loc":{"start":{"line":22,"column":29},"end":{"line":24,"column":null}},"line":22},"1":{"name":"onDeleteClick","decl":{"start":{"line":26,"column":2},"end":{"line":26,"column":15}},"loc":{"start":{"line":26,"column":15},"end":{"line":28,"column":null}},"line":26},"2":{"name":"template","decl":{"start":{"line":17,"column":21},"end":{"line":17,"column":null}},"loc":{"start":{"line":17,"column":21},"end":{"line":13,"column":24}},"line":17}},"branchMap":{"0":{"loc":{"start":{"line":17,"column":13},"end":{"line":17,"column":21}},"type":"binary-expr","locations":[{"start":{"line":17,"column":13},"end":{"line":17,"column":21}},{"start":{"line":17,"column":13},"end":{"line":17,"column":21}}],"line":17},"1":{"loc":{"start":{"line":17,"column":21},"end":{"line":19,"column":null}},"type":"if","locations":[{"start":{"line":17,"column":21},"end":{"line":19,"column":null}},{"start":{},"end":{}}],"line":17},"2":{"loc":{"start":{"line":17,"column":13},"end":{"line":20,"column":12}},"type":"binary-expr","locations":[{"start":{"line":17,"column":13},"end":{"line":17,"column":21}},{"start":{"line":17,"column":13},"end":{"line":17,"column":21}},{"start":{"line":17,"column":13},"end":{"line":20,"column":12}}],"line":17},"3":{"loc":{"start":{"line":17,"column":13},"end":{"line":17,"column":null}},"type":"binary-expr","locations":[{"start":{"line":17,"column":13},"end":{"line":17,"column":21}},{"start":{"line":17,"column":13},"end":{"line":17,"column":21}},{"start":{"line":17,"column":13},"end":{"line":17,"column":null}}],"line":17}},"s":{"0":2,"1":1,"2":1,"3":2,"4":0,"5":0,"6":2,"7":2,"8":2},"f":{"0":0,"1":0,"2":2},"b":{"0":[1,1],"1":[1,1],"2":[2,2,2],"3":[2,2,2]},"meta":{"lastBranch":4,"lastFunction":3,"lastStatement":9,"seen":{"s:17:6:13:54":0,"s:19:21:19:Infinity":1,"s:20:21:20:Infinity":2,"s:17:13:13:54":3,"f:22:2:22:17":0,"s:23:4:23:Infinity":4,"f:26:2:26:15":1,"s:27:4:27:Infinity":5,"s:17:13:17:Infinity":6,"b:17:13:17:21:17:13:17:21":0,"f:17:21:17:Infinity":2,"b:17:21:19:Infinity:undefined:undefined:undefined:undefined":1,"s:17:21:19:Infinity":7,"s:17:13:20:12":8,"b:17:13:17:21:17:13:17:21:17:13:20:12":2,"b:17:13:17:21:17:13:17:21:17:13:17:Infinity":3},"fnNames":{}}}
,"/home/salvatore/work/angular/task-manager/src/app/tasks/tasks-list/tasks-list.component.html": {"path":"/home/salvatore/work/angular/task-manager/src/app/tasks/tasks-list/tasks-list.component.html","statementMap":{"0":{"start":{"line":5,"column":4},"end":{"line":5,"column":7}},"1":{"start":{"line":5,"column":7},"end":{"line":5,"column":26}},"2":{"start":{"line":5,"column":26},"end":{"line":5,"column":null}},"3":{"start":{"line":7,"column":4},"end":{"line":7,"column":25}},"4":{"start":{"line":7,"column":25},"end":{"line":7,"column":76}},"5":{"start":{"line":7,"column":76},"end":{"line":7,"column":null}},"6":{"start":{"line":25,"column":8},"end":{"line":25,"column":32}},"7":{"start":{"line":25,"column":32},"end":{"line":25,"column":71}},"8":{"start":{"line":25,"column":71},"end":{"line":25,"column":null}},"9":{"start":{"line":36,"column":8},"end":{"line":36,"column":32}},"10":{"start":{"line":36,"column":32},"end":{"line":36,"column":70}},"11":{"start":{"line":36,"column":70},"end":{"line":36,"column":null}},"12":{"start":{"line":44,"column":8},"end":{"line":44,"column":null}},"13":{"start":{"line":46,"column":10},"end":{"line":47,"column":null}},"14":{"start":{"line":46,"column":10},"end":{"line":46,"column":20}},"15":{"start":{"line":46,"column":10},"end":{"line":46,"column":34}},"16":{"start":{"line":46,"column":34},"end":{"line":46,"column":null}},"17":{"start":{"line":46,"column":34},"end":{"line":47,"column":null}},"18":{"start":{"line":48,"column":8},"end":{"line":48,"column":null}},"19":{"start":{"line":45,"column":10},"end":{"line":45,"column":null}},"20":{"start":{"line":50,"column":8},"end":{"line":50,"column":40}},"21":{"start":{"line":50,"column":40},"end":{"line":50,"column":63}},"22":{"start":{"line":50,"column":63},"end":{"line":50,"column":null}},"23":{"start":{"line":9,"column":4},"end":{"line":9,"column":11}},"24":{"start":{"line":9,"column":11},"end":{"line":9,"column":null}},"25":{"start":{"line":11,"column":4},"end":{"line":11,"column":null}},"26":{"start":{"line":12,"column":50},"end":{"line":12,"column":77}},"27":{"start":{"line":12,"column":50},"end":{"line":12,"column":68}},"28":{"start":{"line":12,"column":77},"end":{"line":12,"column":82}},"29":{"start":{"line":12,"column":82},"end":{"line":12,"column":null}},"30":{"start":{"line":13,"column":6},"end":{"line":13,"column":50}},"31":{"start":{"line":13,"column":50},"end":{"line":13,"column":82}},"32":{"start":{"line":13,"column":50},"end":{"line":13,"column":68}},"33":{"start":{"line":13,"column":82},"end":{"line":13,"column":92}},"34":{"start":{"line":13,"column":92},"end":{"line":13,"column":null}},"35":{"start":{"line":14,"column":6},"end":{"line":14,"column":50}},"36":{"start":{"line":14,"column":50},"end":{"line":14,"column":79}},"37":{"start":{"line":14,"column":50},"end":{"line":14,"column":68}},"38":{"start":{"line":14,"column":79},"end":{"line":14,"column":86}},"39":{"start":{"line":14,"column":86},"end":{"line":14,"column":null}},"40":{"start":{"line":17,"column":4},"end":{"line":17,"column":28}},"41":{"start":{"line":17,"column":51},"end":{"line":17,"column":null}},"42":{"start":{"line":17,"column":51},"end":{"line":17,"column":63}},"43":{"start":{"line":18,"column":6},"end":{"line":18,"column":null}},"44":{"start":{"line":19,"column":8},"end":{"line":19,"column":null}},"45":{"start":{"line":24,"column":6},"end":{"line":24,"column":null}},"46":{"start":{"line":28,"column":6},"end":{"line":28,"column":null}},"47":{"start":{"line":29,"column":30},"end":{"line":29,"column":35}},"48":{"start":{"line":29,"column":35},"end":{"line":29,"column":null}},"49":{"start":{"line":30,"column":8},"end":{"line":30,"column":30}},"50":{"start":{"line":30,"column":30},"end":{"line":30,"column":35}},"51":{"start":{"line":30,"column":35},"end":{"line":30,"column":null}},"52":{"start":{"line":31,"column":8},"end":{"line":31,"column":29}},"53":{"start":{"line":31,"column":29},"end":{"line":31,"column":33}},"54":{"start":{"line":31,"column":33},"end":{"line":31,"column":null}},"55":{"start":{"line":28,"column":14},"end":{"line":28,"column":61}},"56":{"start":{"line":34,"column":6},"end":{"line":34,"column":25}},"57":{"start":{"line":34,"column":25},"end":{"line":34,"column":null}},"58":{"start":{"line":35,"column":6},"end":{"line":35,"column":null}},"59":{"start":{"line":39,"column":6},"end":{"line":39,"column":48}},"60":{"start":{"line":39,"column":78},"end":{"line":39,"column":86}},"61":{"start":{"line":39,"column":86},"end":{"line":39,"column":null}},"62":{"start":{"line":42,"column":4},"end":{"line":42,"column":null}},"63":{"start":{"line":43,"column":6},"end":{"line":43,"column":null}},"64":{"start":{"line":52,"column":4},"end":{"line":52,"column":null}},"65":{"start":{"line":17,"column":28},"end":{"line":17,"column":51}},"66":{"start":{"line":39,"column":48},"end":{"line":39,"column":78}},"67":{"start":{"line":1,"column":0},"end":{"line":1,"column":4}},"68":{"start":{"line":1,"column":4},"end":{"line":1,"column":64}},"69":{"start":{"line":1,"column":64},"end":{"line":1,"column":null}},"70":{"start":{"line":3,"column":0},"end":{"line":3,"column":null}},"71":{"start":{"line":4,"column":2},"end":{"line":6,"column":null}},"72":{"start":{"line":54,"column":0},"end":{"line":54,"column":null}},"73":{"start":{"line":4,"column":2},"end":{"line":4,"column":19}}},"fnMap":{"0":{"name":"TasksList_Conditional_5_For_24_Template_app_task_item_delete_0_listener","decl":{"start":{"line":46,"column":10},"end":{"line":46,"column":20}},"loc":{"start":{"line":46,"column":10},"end":{"line":46,"column":34}},"line":46},"1":{"name":"TasksList_Conditional_5_For_24_Template_app_task_item_toggle_0_listener","decl":{"start":{"line":46,"column":34},"end":{"line":46,"column":null}},"loc":{"start":{"line":46,"column":34},"end":{"line":47,"column":null}},"line":46},"2":{"name":"TasksList_Conditional_5_Template_button_click_2_listener","decl":{"start":{"line":12,"column":50},"end":{"line":12,"column":68}},"loc":{"start":{"line":12,"column":50},"end":{"line":12,"column":77}},"line":12},"3":{"name":"TasksList_Conditional_5_Template_button_click_4_listener","decl":{"start":{"line":13,"column":50},"end":{"line":13,"column":68}},"loc":{"start":{"line":13,"column":50},"end":{"line":13,"column":82}},"line":13},"4":{"name":"TasksList_Conditional_5_Template_button_click_6_listener","decl":{"start":{"line":14,"column":50},"end":{"line":14,"column":68}},"loc":{"start":{"line":14,"column":50},"end":{"line":14,"column":79}},"line":14},"5":{"name":"TasksList_Conditional_5_Template_form_ngSubmit_8_listener","decl":{"start":{"line":17,"column":51},"end":{"line":17,"column":63}},"loc":{"start":{"line":17,"column":51},"end":{"line":17,"column":null}},"line":17}},"branchMap":{"0":{"loc":{"start":{"line":24,"column":6},"end":{"line":24,"column":null}},"type":"cond-expr","locations":[{"start":{"line":24,"column":6},"end":{"line":24,"column":null}},{"start":{"line":24,"column":6},"end":{"line":24,"column":null}}],"line":24},"1":{"loc":{"start":{"line":35,"column":6},"end":{"line":35,"column":null}},"type":"cond-expr","locations":[{"start":{"line":35,"column":6},"end":{"line":35,"column":null}},{"start":{"line":35,"column":6},"end":{"line":35,"column":null}}],"line":35},"2":{"loc":{"start":{"line":43,"column":6},"end":{"line":43,"column":null}},"type":"binary-expr","locations":[{"start":{"line":43,"column":6},"end":{"line":43,"column":null}},{"start":{"line":43,"column":6},"end":{"line":43,"column":null}}],"line":43},"3":{"loc":{"start":{"line":4,"column":2},"end":{"line":4,"column":19}},"type":"cond-expr","locations":[{"start":{"line":4,"column":2},"end":{"line":4,"column":19}},{"start":{"line":4,"column":2},"end":{"line":4,"column":19}}],"line":4}},"s":{"0":0,"1":0,"2":0,"3":0,"4":0,"5":0,"6":0,"7":0,"8":0,"9":0,"10":0,"11":0,"12":0,"13":0,"14":0,"15":0,"16":0,"17":0,"18":0,"19":0,"20":6,"21":6,"22":6,"23":6,"24":12,"25":6,"26":0,"27":0,"28":6,"29":6,"30":6,"31":0,"32":0,"33":6,"34":6,"35":6,"36":0,"37":0,"38":6,"39":6,"40":6,"41":0,"42":0,"43":6,"44":12,"45":12,"46":6,"47":6,"48":6,"49":6,"50":6,"51":6,"52":6,"53":6,"54":6,"55":12,"56":6,"57":12,"58":12,"59":6,"60":6,"61":6,"62":6,"63":12,"64":6,"65":12,"66":12,"67":6,"68":12,"69":6,"70":6,"71":6,"72":6,"73":12},"f":{"0":0,"1":0,"2":0,"3":0,"4":0,"5":0},"b":{"0":[12,24],"1":[0,12],"2":[12,12],"3":[0,24]},"meta":{"lastBranch":4,"lastFunction":6,"lastStatement":74,"seen":{"s:5:4:5:7":0,"s:5:7:5:26":1,"s:5:26:5:Infinity":2,"s:7:4:7:25":3,"s:7:25:7:76":4,"s:7:76:7:Infinity":5,"s:25:8:25:32":6,"s:25:32:25:71":7,"s:25:71:25:Infinity":8,"s:36:8:36:32":9,"s:36:32:36:70":10,"s:36:70:36:Infinity":11,"s:44:8:44:Infinity":12,"s:46:10:47:Infinity":13,"f:46:10:46:20":0,"s:46:10:46:20":14,"s:46:10:46:34":15,"f:46:34:46:Infinity":1,"s:46:34:46:Infinity":16,"s:46:34:47:Infinity":17,"s:48:8:48:Infinity":18,"s:45:10:45:Infinity":19,"s:50:8:50:40":20,"s:50:40:50:63":21,"s:50:63:50:Infinity":22,"s:9:4:9:11":23,"s:9:11:9:Infinity":24,"s:11:4:11:Infinity":25,"s:12:50:12:77":26,"f:12:50:12:68":2,"s:12:50:12:68":27,"s:12:77:12:82":28,"s:12:82:12:Infinity":29,"s:13:6:13:50":30,"s:13:50:13:82":31,"f:13:50:13:68":3,"s:13:50:13:68":32,"s:13:82:13:92":33,"s:13:92:13:Infinity":34,"s:14:6:14:50":35,"s:14:50:14:79":36,"f:14:50:14:68":4,"s:14:50:14:68":37,"s:14:79:14:86":38,"s:14:86:14:Infinity":39,"s:17:4:17:28":40,"s:17:51:17:Infinity":41,"f:17:51:17:63":5,"s:17:51:17:63":42,"s:18:6:18:Infinity":43,"s:19:8:19:Infinity":44,"s:24:6:24:Infinity":45,"s:28:6:28:Infinity":46,"s:29:30:29:35":47,"s:29:35:29:Infinity":48,"s:30:8:30:30":49,"s:30:30:30:35":50,"s:30:35:30:Infinity":51,"s:31:8:31:29":52,"s:31:29:31:33":53,"s:31:33:31:Infinity":54,"s:28:14:28:61":55,"s:34:6:34:25":56,"s:34:25:34:Infinity":57,"s:35:6:35:Infinity":58,"s:39:6:39:48":59,"s:39:78:39:86":60,"s:39:86:39:Infinity":61,"s:42:4:42:Infinity":62,"s:43:6:43:Infinity":63,"s:52:4:52:Infinity":64,"s:17:28:17:51":65,"b:24:6:24:Infinity:24:6:24:Infinity":0,"b:35:6:35:Infinity:35:6:35:Infinity":1,"s:39:48:39:78":66,"b:43:6:43:Infinity:43:6:43:Infinity":2,"s:1:0:1:4":67,"s:1:4:1:64":68,"s:1:64:1:Infinity":69,"s:3:0:3:Infinity":70,"s:4:2:6:Infinity":71,"s:54:0:54:Infinity":72,"s:4:2:4:19":73,"b:4:2:4:19:4:2:4:19":3},"fnNames":{}}}
,"/home/salvatore/work/angular/task-manager/src/app/tasks/tasks-list/tasks-list.component.ts": {"path":"/home/salvatore/work/angular/task-manager/src/app/tasks/tasks-list/tasks-list.component.ts","statementMap":{"0":{"start":{"line":23,"column":6},"end":{"line":19,"column":72}},"1":{"start":{"line":24,"column":10},"end":{"line":24,"column":null}},"2":{"start":{"line":26,"column":2},"end":{"line":26,"column":null}},"3":{"start":{"line":27,"column":2},"end":{"line":27,"column":null}},"4":{"start":{"line":28,"column":10},"end":{"line":28,"column":null}},"5":{"start":{"line":34,"column":18},"end":{"line":34,"column":null}},"6":{"start":{"line":36,"column":19},"end":{"line":45,"column":null}},"7":{"start":{"line":48,"column":10},"end":{"line":48,"column":null}},"8":{"start":{"line":50,"column":13},"end":{"line":54,"column":null}},"9":{"start":{"line":55,"column":23},"end":{"line":55,"column":null}},"10":{"start":{"line":23,"column":13},"end":{"line":19,"column":72}},"11":{"start":{"line":31,"column":4},"end":{"line":31,"column":null}},"12":{"start":{"line":40,"column":6},"end":{"line":43,"column":null}},"13":{"start":{"line":41,"column":21},"end":{"line":42,"column":null}},"14":{"start":{"line":42,"column":10},"end":{"line":42,"column":69}},"15":{"start":{"line":58,"column":4},"end":{"line":58,"column":null}},"16":{"start":{"line":62,"column":4},"end":{"line":62,"column":null}},"17":{"start":{"line":62,"column":31},"end":{"line":62,"column":null}},"18":{"start":{"line":63,"column":43},"end":{"line":63,"column":null}},"19":{"start":{"line":64,"column":4},"end":{"line":64,"column":null}},"20":{"start":{"line":65,"column":4},"end":{"line":65,"column":null}},"21":{"start":{"line":69,"column":4},"end":{"line":69,"column":null}},"22":{"start":{"line":73,"column":4},"end":{"line":73,"column":null}},"23":{"start":{"line":23,"column":13},"end":{"line":23,"column":null}},"24":{"start":{"line":23,"column":22},"end":{"line":54,"column":null}},"25":{"start":{"line":23,"column":13},"end":{"line":19,"column":null}}},"fnMap":{"0":{"name":"ngOnInit","decl":{"start":{"line":30,"column":2},"end":{"line":30,"column":10}},"loc":{"start":{"line":30,"column":10},"end":{"line":32,"column":null}},"line":30},"1":{"name":"(anonymous_1)","decl":{"start":{"line":39,"column":14},"end":{"line":39,"column":null}},"loc":{"start":{"line":40,"column":6},"end":{"line":43,"column":null}},"line":40},"2":{"name":"(anonymous_2)","decl":{"start":{"line":41,"column":12},"end":{"line":41,"column":21}},"loc":{"start":{"line":41,"column":21},"end":{"line":42,"column":null}},"line":41},"3":{"name":"(anonymous_3)","decl":{"start":{"line":41,"column":34},"end":{"line":41,"column":null}},"loc":{"start":{"line":42,"column":10},"end":{"line":42,"column":69}},"line":42},"4":{"name":"tasks","decl":{"start":{"line":57,"column":6},"end":{"line":57,"column":11}},"loc":{"start":{"line":57,"column":11},"end":{"line":59,"column":null}},"line":57},"5":{"name":"aggiungi","decl":{"start":{"line":61,"column":2},"end":{"line":61,"column":10}},"loc":{"start":{"line":61,"column":10},"end":{"line":66,"column":null}},"line":61},"6":{"name":"elimina","decl":{"start":{"line":68,"column":2},"end":{"line":68,"column":10}},"loc":{"start":{"line":68,"column":20},"end":{"line":70,"column":null}},"line":68},"7":{"name":"gestisciToggle","decl":{"start":{"line":72,"column":2},"end":{"line":72,"column":17}},"loc":{"start":{"line":72,"column":48},"end":{"line":74,"column":null}},"line":72},"8":{"name":"template","decl":{"start":{"line":23,"column":22},"end":{"line":23,"column":null}},"loc":{"start":{"line":23,"column":22},"end":{"line":19,"column":26}},"line":23}},"branchMap":{"0":{"loc":{"start":{"line":42,"column":43},"end":{"line":42,"column":55}},"type":"binary-expr","locations":[{"start":{"line":42,"column":43},"end":{"line":42,"column":51}},{"start":{"line":42,"column":51},"end":{"line":42,"column":55}}],"line":42},"1":{"loc":{"start":{"line":62,"column":4},"end":{"line":62,"column":null}},"type":"if","locations":[{"start":{"line":62,"column":4},"end":{"line":62,"column":null}},{"start":{},"end":{}}],"line":62},"2":{"loc":{"start":{"line":64,"column":101},"end":{"line":64,"column":122}},"type":"binary-expr","locations":[{"start":{"line":64,"column":101},"end":{"line":64,"column":113}},{"start":{"line":64,"column":113},"end":{"line":64,"column":122}}],"line":64},"3":{"loc":{"start":{"line":23,"column":13},"end":{"line":23,"column":22}},"type":"binary-expr","locations":[{"start":{"line":23,"column":13},"end":{"line":23,"column":22}},{"start":{"line":23,"column":13},"end":{"line":23,"column":22}}],"line":23},"4":{"loc":{"start":{"line":23,"column":22},"end":{"line":54,"column":null}},"type":"if","locations":[{"start":{"line":23,"column":22},"end":{"line":54,"column":null}},{"start":{},"end":{}}],"line":23},"5":{"loc":{"start":{"line":23,"column":13},"end":{"line":19,"column":null}},"type":"binary-expr","locations":[{"start":{"line":23,"column":13},"end":{"line":23,"column":22}},{"start":{"line":23,"column":13},"end":{"line":23,"column":22}},{"start":{"line":23,"column":13},"end":{"line":19,"column":null}}],"line":23},"6":{"loc":{"start":{"line":23,"column":13},"end":{"line":23,"column":null}},"type":"binary-expr","locations":[{"start":{"line":23,"column":13},"end":{"line":23,"column":22}},{"start":{"line":23,"column":13},"end":{"line":23,"column":22}},{"start":{"line":23,"column":13},"end":{"line":23,"column":null}}],"line":23}},"s":{"0":1,"1":6,"2":6,"3":6,"4":6,"5":6,"6":6,"7":6,"8":6,"9":6,"10":1,"11":6,"12":0,"13":0,"14":0,"15":12,"16":2,"17":1,"18":1,"19":1,"20":2,"21":1,"22":1,"23":1,"24":18,"25":1},"f":{"0":6,"1":0,"2":0,"3":0,"4":12,"5":2,"6":1,"7":1,"8":1},"b":{"0":[0,0],"1":[1,1],"2":[1,1],"3":[6,6],"4":[6,12],"5":[1,1,1],"6":[1,1,1]},"meta":{"lastBranch":7,"lastFunction":9,"lastStatement":26,"seen":{"s:23:6:19:72":0,"s:24:10:24:Infinity":1,"s:26:2:26:Infinity":2,"s:27:2:27:Infinity":3,"s:28:10:28:Infinity":4,"s:34:18:34:Infinity":5,"s:36:19:45:Infinity":6,"s:48:10:48:Infinity":7,"s:50:13:54:Infinity":8,"s:55:23:55:Infinity":9,"s:23:13:19:72":10,"f:30:2:30:10":0,"s:31:4:31:Infinity":11,"f:39:14:39:Infinity":1,"s:40:6:43:Infinity":12,"f:41:12:41:21":2,"s:41:21:42:Infinity":13,"f:41:34:41:Infinity":3,"s:42:10:42:69":14,"b:42:43:42:51:42:51:42:55":0,"f:57:6:57:11":4,"s:58:4:58:Infinity":15,"f:61:2:61:10":5,"b:62:4:62:Infinity:undefined:undefined:undefined:undefined":1,"s:62:4:62:Infinity":16,"s:62:31:62:Infinity":17,"s:63:43:63:Infinity":18,"s:64:4:64:Infinity":19,"b:64:101:64:113:64:113:64:122":2,"s:65:4:65:Infinity":20,"f:68:2:68:10":6,"s:69:4:69:Infinity":21,"f:72:2:72:17":7,"s:73:4:73:Infinity":22,"s:23:13:23:Infinity":23,"b:23:13:23:22:23:13:23:22":3,"f:23:22:23:Infinity":8,"b:23:22:54:Infinity:undefined:undefined:undefined:undefined":4,"s:23:22:54:Infinity":24,"s:23:13:19:Infinity":25,"b:23:13:23:22:23:13:23:22:23:13:19:Infinity":5,"b:23:13:23:22:23:13:23:22:23:13:23:Infinity":6},"fnNames":{}}}
}
